
=== Sat Jan  7 16:03:57 2023

Packages were changed.
Update Mode: updateDependencies

The following packages were updated:
  com.unity.collab-proxy from version 1.15.15 to 1.17.7
  com.unity.ide.rider from version 2.0.7 to 3.0.17
  com.unity.ide.visualstudio from version 2.0.14 to 2.0.17
  com.unity.test-framework from version 1.1.31 to 1.1.33

=== Mon Feb 20 22:32:50 2023

Packages were changed.
Update Mode: resetToDefaultDependencies

The following packages were removed:
  com.unity.2d.animation@5.2.0
  com.unity.2d.pixel-perfect@4.0.1
  com.unity.2d.psdimporter@4.3.0
  com.unity.2d.sprite@1.0.0
  com.unity.2d.spriteshape@5.3.0
  com.unity.2d.tilemap@1.0.0

=== Tue Mar  7 06:21:40 2023

Packages were changed.
Update Mode: updateDependencies

The following packages were updated:
  com.unity.collab-proxy from version 1.17.7 to 2.0.0
  com.unity.ide.rider from version 3.0.17 to 3.0.18
